2019-01-14 10:21:31,165 [INFO]: start action
2019-01-14 10:21:33,639 [INFO]: Restore weights from ./checkpoints/mlp/model.ckpt-10000
2019-01-14 10:21:35,213 [INFO]: Starting training from step 10001...
2019-01-14 10:26:15,806 [INFO]: start action
2019-01-14 10:26:17,725 [INFO]: This network is trained from scratch
2019-01-14 10:26:19,167 [INFO]: Starting training from step 0...
2019-01-14 10:26:25,409 [INFO]: step 0: gen_loss 1.524102, dis_loss 1.638519 (20.5 examples/sec; 6.241 sec/batch)
2019-01-14 10:26:25,409 [INFO]: 10000 iterations left,expected to finsh at Y-01-15 03:46:41 (avg speed: 6.242 sec/batch)
2019-01-14 10:26:25,409 [DEBUG]: Saving checkpoint ...
2019-01-14 10:27:10,846 [INFO]: step 10: gen_loss 0.909256, dis_loss 1.086016 (30.7 examples/sec; 4.163 sec/batch)
2019-01-14 10:27:10,846 [INFO]: 9990 iterations left,expected to finsh at Y-01-14 23:29:24 (avg speed: 4.698 sec/batch)
2019-01-14 10:27:53,478 [INFO]: step 20: gen_loss 0.906669, dis_loss 0.902986 (32.2 examples/sec; 3.972 sec/batch)
2019-01-14 10:27:53,478 [INFO]: 9980 iterations left,expected to finsh at Y-01-14 22:54:53 (avg speed: 4.491 sec/batch)
2019-01-14 10:28:34,485 [INFO]: step 30: gen_loss 0.889990, dis_loss 0.820384 (32.6 examples/sec; 3.928 sec/batch)
2019-01-14 10:28:34,485 [INFO]: 9970 iterations left,expected to finsh at Y-01-14 22:33:54 (avg speed: 4.365 sec/batch)
2019-01-14 10:29:16,292 [INFO]: step 40: gen_loss 0.869406, dis_loss 0.758750 (31.5 examples/sec; 4.068 sec/batch)
2019-01-14 10:29:16,293 [INFO]: 9960 iterations left,expected to finsh at Y-01-14 22:26:24 (avg speed: 4.320 sec/batch)
2019-01-14 10:29:56,767 [INFO]: step 50: gen_loss 0.836799, dis_loss 0.816904 (32.9 examples/sec; 3.891 sec/batch)
2019-01-14 10:29:56,767 [INFO]: 9950 iterations left,expected to finsh at Y-01-14 22:17:30 (avg speed: 4.267 sec/batch)
2019-01-14 10:30:35,995 [INFO]: step 60: gen_loss 0.829853, dis_loss 0.762890 (32.9 examples/sec; 3.885 sec/batch)
2019-01-14 10:30:35,995 [INFO]: 9940 iterations left,expected to finsh at Y-01-14 22:08:06 (avg speed: 4.210 sec/batch)
2019-01-14 10:31:15,122 [INFO]: step 70: gen_loss 0.815717, dis_loss 0.746117 (32.6 examples/sec; 3.925 sec/batch)
2019-01-14 10:31:15,123 [INFO]: 9930 iterations left,expected to finsh at Y-01-14 22:01:07 (avg speed: 4.168 sec/batch)
2019-01-14 10:31:54,157 [INFO]: step 80: gen_loss 0.807660, dis_loss 0.739468 (32.4 examples/sec; 3.954 sec/batch)
2019-01-14 10:31:54,157 [INFO]: 9920 iterations left,expected to finsh at Y-01-14 21:55:40 (avg speed: 4.136 sec/batch)
2019-01-14 10:32:34,600 [INFO]: step 90: gen_loss 0.801111, dis_loss 0.784395 (25.3 examples/sec; 5.058 sec/batch)
2019-01-14 10:32:34,600 [INFO]: 9910 iterations left,expected to finsh at Y-01-14 21:53:59 (avg speed: 4.126 sec/batch)
2019-01-14 10:33:17,384 [INFO]: step 100: gen_loss 0.811506, dis_loss 0.707964 (30.5 examples/sec; 4.192 sec/batch)
2019-01-14 10:33:17,385 [INFO]: 9900 iterations left,expected to finsh at Y-01-14 21:56:30 (avg speed: 4.141 sec/batch)
2019-01-14 10:33:58,117 [INFO]: step 110: gen_loss 0.809754, dis_loss 0.696037 (32.5 examples/sec; 3.937 sec/batch)
2019-01-14 10:33:58,118 [INFO]: 9890 iterations left,expected to finsh at Y-01-14 21:55:30 (avg speed: 4.135 sec/batch)
2019-01-14 10:34:37,630 [INFO]: step 120: gen_loss 0.808383, dis_loss 0.717966 (33.3 examples/sec; 3.842 sec/batch)
2019-01-14 10:34:37,630 [INFO]: 9880 iterations left,expected to finsh at Y-01-14 21:52:58 (avg speed: 4.120 sec/batch)
2019-01-14 10:35:17,145 [INFO]: step 130: gen_loss 0.815529, dis_loss 0.683307 (32.0 examples/sec; 4.006 sec/batch)
2019-01-14 10:35:17,145 [INFO]: 9870 iterations left,expected to finsh at Y-01-14 21:50:50 (avg speed: 4.107 sec/batch)
2019-01-14 10:35:57,914 [INFO]: step 140: gen_loss 0.808712, dis_loss 0.700360 (31.9 examples/sec; 4.006 sec/batch)
2019-01-14 10:35:57,915 [INFO]: 9860 iterations left,expected to finsh at Y-01-14 21:50:29 (avg speed: 4.105 sec/batch)
2019-01-14 10:36:43,432 [INFO]: step 150: gen_loss 0.805131, dis_loss 0.696294 (30.2 examples/sec; 4.236 sec/batch)
2019-01-14 10:36:43,432 [INFO]: 9850 iterations left,expected to finsh at Y-01-14 21:55:25 (avg speed: 4.134 sec/batch)
2019-01-14 10:37:24,656 [INFO]: step 160: gen_loss 0.804462, dis_loss 0.697392 (32.2 examples/sec; 3.981 sec/batch)
2019-01-14 10:37:24,657 [INFO]: 9840 iterations left,expected to finsh at Y-01-14 21:55:18 (avg speed: 4.133 sec/batch)
2019-01-14 10:38:04,652 [INFO]: step 170: gen_loss 0.796145, dis_loss 0.680425 (32.4 examples/sec; 3.956 sec/batch)
2019-01-14 10:38:04,653 [INFO]: 9830 iterations left,expected to finsh at Y-01-14 21:53:59 (avg speed: 4.126 sec/batch)
2019-01-14 10:38:44,634 [INFO]: step 180: gen_loss 0.789377, dis_loss 0.698070 (31.8 examples/sec; 4.031 sec/batch)
2019-01-14 10:38:44,634 [INFO]: 9820 iterations left,expected to finsh at Y-01-14 21:52:49 (avg speed: 4.119 sec/batch)
2019-01-14 10:39:24,756 [INFO]: step 190: gen_loss 0.786393, dis_loss 0.689991 (33.4 examples/sec; 3.835 sec/batch)
2019-01-14 10:39:24,756 [INFO]: 9810 iterations left,expected to finsh at Y-01-14 21:51:53 (avg speed: 4.113 sec/batch)
2019-01-14 10:40:04,009 [INFO]: step 200: gen_loss 0.783183, dis_loss 0.704429 (32.8 examples/sec; 3.908 sec/batch)
2019-01-14 10:40:04,009 [INFO]: 9800 iterations left,expected to finsh at Y-01-14 21:50:20 (avg speed: 4.104 sec/batch)
2019-01-14 10:40:43,709 [INFO]: step 210: gen_loss 0.779264, dis_loss 0.715722 (33.4 examples/sec; 3.836 sec/batch)
2019-01-14 10:40:43,709 [INFO]: 9790 iterations left,expected to finsh at Y-01-14 21:49:16 (avg speed: 4.097 sec/batch)
2019-01-14 10:41:22,550 [INFO]: step 220: gen_loss 0.776682, dis_loss 0.726017 (33.3 examples/sec; 3.840 sec/batch)
2019-01-14 10:41:22,550 [INFO]: 9780 iterations left,expected to finsh at Y-01-14 21:47:40 (avg speed: 4.088 sec/batch)
2019-01-14 10:42:03,238 [INFO]: step 230: gen_loss 0.777005, dis_loss 0.707040 (31.9 examples/sec; 4.019 sec/batch)
2019-01-14 10:42:03,238 [INFO]: 9770 iterations left,expected to finsh at Y-01-14 21:47:32 (avg speed: 4.087 sec/batch)
2019-01-14 10:42:43,064 [INFO]: step 240: gen_loss 0.772206, dis_loss 0.733414 (32.2 examples/sec; 3.976 sec/batch)
2019-01-14 10:42:43,064 [INFO]: 9760 iterations left,expected to finsh at Y-01-14 21:46:48 (avg speed: 4.083 sec/batch)
2019-01-14 10:43:25,176 [INFO]: step 250: gen_loss 0.778517, dis_loss 0.695738 (27.2 examples/sec; 4.706 sec/batch)
2019-01-14 10:43:25,177 [INFO]: 9750 iterations left,expected to finsh at Y-01-14 21:47:40 (avg speed: 4.088 sec/batch)
2019-01-14 10:44:05,244 [INFO]: step 260: gen_loss 0.770206, dis_loss 0.720893 (33.2 examples/sec; 3.857 sec/batch)
2019-01-14 10:44:05,244 [INFO]: 9740 iterations left,expected to finsh at Y-01-14 21:47:09 (avg speed: 4.085 sec/batch)
2019-01-14 10:44:43,736 [INFO]: step 270: gen_loss 0.768962, dis_loss 0.722327 (33.5 examples/sec; 3.816 sec/batch)
2019-01-14 10:44:43,737 [INFO]: 9730 iterations left,expected to finsh at Y-01-14 21:45:42 (avg speed: 4.076 sec/batch)
2019-01-14 10:45:22,343 [INFO]: step 280: gen_loss 0.774919, dis_loss 0.692376 (33.1 examples/sec; 3.872 sec/batch)
2019-01-14 10:45:22,344 [INFO]: 9720 iterations left,expected to finsh at Y-01-14 21:44:25 (avg speed: 4.068 sec/batch)
2019-01-14 10:46:00,645 [INFO]: step 290: gen_loss 0.774741, dis_loss 0.695578 (33.4 examples/sec; 3.832 sec/batch)
2019-01-14 10:46:00,848 [INFO]: 9710 iterations left,expected to finsh at Y-01-14 21:43:10 (avg speed: 4.061 sec/batch)
2019-01-14 10:46:39,100 [INFO]: step 300: gen_loss 0.771723, dis_loss 0.701238 (33.6 examples/sec; 3.812 sec/batch)
2019-01-14 10:46:39,100 [INFO]: 9700 iterations left,expected to finsh at Y-01-14 21:41:52 (avg speed: 4.053 sec/batch)
2019-01-14 10:47:17,408 [INFO]: step 310: gen_loss 0.771187, dis_loss 0.692469 (33.2 examples/sec; 3.859 sec/batch)
2019-01-14 10:47:17,408 [INFO]: 9690 iterations left,expected to finsh at Y-01-14 21:40:41 (avg speed: 4.046 sec/batch)
2019-01-14 10:47:55,566 [INFO]: step 320: gen_loss 0.771617, dis_loss 0.700729 (33.7 examples/sec; 3.803 sec/batch)
2019-01-14 10:47:55,566 [INFO]: 9680 iterations left,expected to finsh at Y-01-14 21:39:29 (avg speed: 4.039 sec/batch)
2019-01-14 10:48:33,851 [INFO]: step 330: gen_loss 0.773307, dis_loss 0.685864 (33.0 examples/sec; 3.874 sec/batch)
2019-01-14 10:48:33,852 [INFO]: 9670 iterations left,expected to finsh at Y-01-14 21:38:25 (avg speed: 4.032 sec/batch)
2019-01-14 10:49:12,150 [INFO]: step 340: gen_loss 0.763757, dis_loss 0.712248 (33.8 examples/sec; 3.783 sec/batch)
2019-01-14 10:49:12,150 [INFO]: 9660 iterations left,expected to finsh at Y-01-14 21:37:26 (avg speed: 4.026 sec/batch)
2019-01-14 10:49:50,489 [INFO]: step 350: gen_loss 0.766775, dis_loss 0.704211 (33.5 examples/sec; 3.818 sec/batch)
2019-01-14 10:49:50,489 [INFO]: 9650 iterations left,expected to finsh at Y-01-14 21:36:31 (avg speed: 4.021 sec/batch)
2019-01-14 10:50:28,926 [INFO]: step 360: gen_loss 0.764070, dis_loss 0.715594 (33.6 examples/sec; 3.815 sec/batch)
2019-01-14 10:50:28,926 [INFO]: 9640 iterations left,expected to finsh at Y-01-14 21:35:42 (avg speed: 4.016 sec/batch)
2019-01-14 10:51:07,225 [INFO]: step 370: gen_loss 0.764152, dis_loss 0.696087 (33.3 examples/sec; 3.845 sec/batch)
2019-01-14 10:51:07,226 [INFO]: 9630 iterations left,expected to finsh at Y-01-14 21:34:52 (avg speed: 4.011 sec/batch)
2019-01-14 10:51:46,945 [INFO]: step 380: gen_loss 0.763744, dis_loss 0.712597 (30.7 examples/sec; 4.173 sec/batch)
2019-01-14 10:51:46,945 [INFO]: 9620 iterations left,expected to finsh at Y-01-14 21:34:42 (avg speed: 4.010 sec/batch)
2019-01-14 10:52:29,177 [INFO]: step 390: gen_loss 0.765033, dis_loss 0.691348 (30.5 examples/sec; 4.192 sec/batch)
2019-01-14 10:52:29,177 [INFO]: 9610 iterations left,expected to finsh at Y-01-14 21:35:36 (avg speed: 4.015 sec/batch)
2019-01-14 10:53:08,491 [INFO]: step 400: gen_loss 0.764062, dis_loss 0.701885 (33.9 examples/sec; 3.779 sec/batch)
2019-01-14 10:53:08,491 [INFO]: 9600 iterations left,expected to finsh at Y-01-14 21:35:15 (avg speed: 4.013 sec/batch)
2019-01-14 10:53:46,805 [INFO]: step 410: gen_loss 0.759869, dis_loss 0.714163 (33.5 examples/sec; 3.824 sec/batch)
2019-01-14 10:53:46,805 [INFO]: 9590 iterations left,expected to finsh at Y-01-14 21:34:31 (avg speed: 4.009 sec/batch)
2019-01-14 10:54:24,936 [INFO]: step 420: gen_loss 0.761880, dis_loss 0.705125 (33.6 examples/sec; 3.806 sec/batch)
2019-01-14 10:54:24,936 [INFO]: 9580 iterations left,expected to finsh at Y-01-14 21:33:45 (avg speed: 4.004 sec/batch)
2019-01-14 10:55:03,149 [INFO]: step 430: gen_loss 0.761449, dis_loss 0.702126 (33.4 examples/sec; 3.832 sec/batch)
2019-01-14 10:55:03,150 [INFO]: 9570 iterations left,expected to finsh at Y-01-14 21:33:02 (avg speed: 4.000 sec/batch)
2019-01-14 10:55:43,111 [INFO]: step 440: gen_loss 0.762717, dis_loss 0.702287 (33.3 examples/sec; 3.849 sec/batch)
2019-01-14 10:55:43,112 [INFO]: 9560 iterations left,expected to finsh at Y-01-14 21:33:01 (avg speed: 4.000 sec/batch)
2019-01-14 10:56:22,470 [INFO]: step 450: gen_loss 0.760644, dis_loss 0.701690 (33.7 examples/sec; 3.801 sec/batch)
2019-01-14 10:56:22,471 [INFO]: 9550 iterations left,expected to finsh at Y-01-14 21:32:47 (avg speed: 3.998 sec/batch)
2019-01-14 10:57:01,665 [INFO]: step 460: gen_loss 0.761269, dis_loss 0.699009 (32.6 examples/sec; 3.922 sec/batch)
2019-01-14 10:57:01,666 [INFO]: 9540 iterations left,expected to finsh at Y-01-14 21:32:30 (avg speed: 3.997 sec/batch)
2019-01-14 10:57:41,182 [INFO]: step 470: gen_loss 0.762433, dis_loss 0.694045 (33.7 examples/sec; 3.803 sec/batch)
2019-01-14 10:57:41,182 [INFO]: 9530 iterations left,expected to finsh at Y-01-14 21:32:21 (avg speed: 3.996 sec/batch)
2019-01-14 10:58:22,190 [INFO]: step 480: gen_loss 0.762374, dis_loss 0.700340 (32.5 examples/sec; 3.938 sec/batch)
2019-01-14 10:58:22,190 [INFO]: 9520 iterations left,expected to finsh at Y-01-14 21:32:42 (avg speed: 3.998 sec/batch)
2019-01-14 10:59:03,006 [INFO]: step 490: gen_loss 0.756022, dis_loss 0.694821 (32.7 examples/sec; 3.919 sec/batch)
2019-01-14 10:59:03,006 [INFO]: 9510 iterations left,expected to finsh at Y-01-14 21:32:59 (avg speed: 4.000 sec/batch)
2019-01-14 10:59:42,383 [INFO]: step 500: gen_loss 0.760161, dis_loss 0.692370 (32.4 examples/sec; 3.947 sec/batch)
2019-01-14 10:59:42,383 [INFO]: 9500 iterations left,expected to finsh at Y-01-14 21:32:47 (avg speed: 3.998 sec/batch)
2019-01-14 11:00:21,842 [INFO]: step 510: gen_loss 0.756368, dis_loss 0.698449 (32.5 examples/sec; 3.941 sec/batch)
2019-01-14 11:00:21,842 [INFO]: 9490 iterations left,expected to finsh at Y-01-14 21:32:37 (avg speed: 3.997 sec/batch)
2019-01-14 11:01:01,438 [INFO]: step 520: gen_loss 0.756914, dis_loss 0.702888 (32.3 examples/sec; 3.967 sec/batch)
2019-01-14 11:01:01,439 [INFO]: 9480 iterations left,expected to finsh at Y-01-14 21:32:29 (avg speed: 3.997 sec/batch)
2019-01-14 11:01:40,668 [INFO]: step 530: gen_loss 0.755432, dis_loss 0.701439 (33.5 examples/sec; 3.824 sec/batch)
2019-01-14 11:01:40,668 [INFO]: 9470 iterations left,expected to finsh at Y-01-14 21:32:16 (avg speed: 3.995 sec/batch)
2019-01-14 11:02:19,209 [INFO]: step 540: gen_loss 0.756392, dis_loss 0.704584 (33.6 examples/sec; 3.806 sec/batch)
2019-01-14 11:02:19,210 [INFO]: 9460 iterations left,expected to finsh at Y-01-14 21:31:50 (avg speed: 3.993 sec/batch)
2019-01-14 11:02:57,997 [INFO]: step 550: gen_loss 0.755486, dis_loss 0.700870 (32.0 examples/sec; 4.005 sec/batch)
2019-01-14 11:02:57,997 [INFO]: 9450 iterations left,expected to finsh at Y-01-14 21:31:29 (avg speed: 3.991 sec/batch)
2019-01-14 11:03:38,010 [INFO]: step 560: gen_loss 0.754634, dis_loss 0.702481 (33.0 examples/sec; 3.881 sec/batch)
2019-01-14 11:03:38,011 [INFO]: 9440 iterations left,expected to finsh at Y-01-14 21:31:31 (avg speed: 3.991 sec/batch)
2019-01-14 11:04:19,903 [INFO]: step 570: gen_loss 0.753516, dis_loss 0.702455 (29.2 examples/sec; 4.382 sec/batch)
2019-01-14 11:04:19,903 [INFO]: 9430 iterations left,expected to finsh at Y-01-14 21:32:05 (avg speed: 3.994 sec/batch)
2019-01-14 11:04:59,764 [INFO]: step 580: gen_loss 0.753344, dis_loss 0.695707 (31.5 examples/sec; 4.058 sec/batch)
2019-01-14 11:04:59,765 [INFO]: 9420 iterations left,expected to finsh at Y-01-14 21:32:04 (avg speed: 3.994 sec/batch)
2019-01-14 11:05:40,386 [INFO]: step 590: gen_loss 0.751303, dis_loss 0.698583 (32.5 examples/sec; 3.938 sec/batch)
2019-01-14 11:05:40,387 [INFO]: 9410 iterations left,expected to finsh at Y-01-14 21:32:16 (avg speed: 3.995 sec/batch)
2019-01-14 11:06:21,125 [INFO]: step 600: gen_loss 0.750541, dis_loss 0.709682 (31.5 examples/sec; 4.060 sec/batch)
2019-01-14 11:06:21,125 [INFO]: 9400 iterations left,expected to finsh at Y-01-14 21:32:29 (avg speed: 3.997 sec/batch)
2019-01-14 11:07:05,967 [INFO]: step 610: gen_loss 0.752716, dis_loss 0.711234 (27.1 examples/sec; 4.729 sec/batch)
2019-01-14 11:07:05,967 [INFO]: 9390 iterations left,expected to finsh at Y-01-14 21:33:48 (avg speed: 4.005 sec/batch)
2019-01-14 11:07:48,545 [INFO]: step 620: gen_loss 0.752626, dis_loss 0.692545 (30.6 examples/sec; 4.177 sec/batch)
2019-01-14 11:07:48,546 [INFO]: 9380 iterations left,expected to finsh at Y-01-14 21:34:29 (avg speed: 4.009 sec/batch)
2019-01-14 11:08:29,397 [INFO]: step 630: gen_loss 0.752776, dis_loss 0.694757 (31.8 examples/sec; 4.031 sec/batch)
2019-01-14 11:08:29,398 [INFO]: 9370 iterations left,expected to finsh at Y-01-14 21:34:41 (avg speed: 4.010 sec/batch)
2019-01-14 11:09:10,447 [INFO]: step 640: gen_loss 0.752688, dis_loss 0.697158 (31.3 examples/sec; 4.094 sec/batch)
2019-01-14 11:09:10,447 [INFO]: 9360 iterations left,expected to finsh at Y-01-14 21:34:56 (avg speed: 4.011 sec/batch)
2019-01-14 11:09:52,560 [INFO]: step 650: gen_loss 0.751743, dis_loss 0.695910 (30.8 examples/sec; 4.161 sec/batch)
2019-01-14 11:09:52,560 [INFO]: 9350 iterations left,expected to finsh at Y-01-14 21:35:27 (avg speed: 4.014 sec/batch)
2019-01-14 11:10:33,943 [INFO]: step 660: gen_loss 0.754474, dis_loss 0.695864 (30.5 examples/sec; 4.192 sec/batch)
2019-01-14 11:10:33,943 [INFO]: 9340 iterations left,expected to finsh at Y-01-14 21:35:46 (avg speed: 4.016 sec/batch)
2019-01-14 11:11:15,362 [INFO]: step 670: gen_loss 0.752905, dis_loss 0.696259 (31.3 examples/sec; 4.085 sec/batch)
2019-01-14 11:11:15,362 [INFO]: 9330 iterations left,expected to finsh at Y-01-14 21:36:04 (avg speed: 4.018 sec/batch)
2019-01-14 11:11:57,306 [INFO]: step 680: gen_loss 0.752178, dis_loss 0.697257 (30.8 examples/sec; 4.155 sec/batch)
2019-01-14 11:11:57,306 [INFO]: 9320 iterations left,expected to finsh at Y-01-14 21:36:30 (avg speed: 4.021 sec/batch)
2019-01-14 11:12:39,712 [INFO]: step 690: gen_loss 0.752446, dis_loss 0.695768 (29.2 examples/sec; 4.391 sec/batch)
2019-01-14 11:12:39,712 [INFO]: 9310 iterations left,expected to finsh at Y-01-14 21:37:02 (avg speed: 4.024 sec/batch)
2019-01-14 11:13:22,088 [INFO]: step 700: gen_loss 0.752042, dis_loss 0.696636 (29.3 examples/sec; 4.372 sec/batch)
2019-01-14 11:13:22,089 [INFO]: 9300 iterations left,expected to finsh at Y-01-14 21:37:33 (avg speed: 4.027 sec/batch)
2019-01-14 11:14:02,407 [INFO]: step 710: gen_loss 0.749910, dis_loss 0.697900 (33.0 examples/sec; 3.880 sec/batch)
2019-01-14 11:14:02,407 [INFO]: 9290 iterations left,expected to finsh at Y-01-14 21:37:33 (avg speed: 4.027 sec/batch)
2019-01-14 11:14:43,375 [INFO]: step 720: gen_loss 0.749868, dis_loss 0.696121 (30.3 examples/sec; 4.230 sec/batch)
2019-01-14 11:14:43,375 [INFO]: 9280 iterations left,expected to finsh at Y-01-14 21:37:43 (avg speed: 4.028 sec/batch)
2019-01-14 11:15:27,649 [INFO]: step 730: gen_loss 0.749272, dis_loss 0.698709 (28.0 examples/sec; 4.578 sec/batch)
2019-01-14 11:15:27,649 [INFO]: 9270 iterations left,expected to finsh at Y-01-14 21:38:38 (avg speed: 4.033 sec/batch)
2019-01-14 11:16:09,062 [INFO]: step 740: gen_loss 0.748286, dis_loss 0.697953 (31.0 examples/sec; 4.135 sec/batch)
2019-01-14 11:16:09,062 [INFO]: 9260 iterations left,expected to finsh at Y-01-14 21:38:52 (avg speed: 4.035 sec/batch)
2019-01-14 11:16:49,124 [INFO]: step 750: gen_loss 0.748462, dis_loss 0.694047 (31.7 examples/sec; 4.041 sec/batch)
2019-01-14 11:16:49,124 [INFO]: 9250 iterations left,expected to finsh at Y-01-14 21:38:48 (avg speed: 4.035 sec/batch)
2019-01-14 11:17:28,738 [INFO]: step 760: gen_loss 0.749516, dis_loss 0.702856 (33.3 examples/sec; 3.840 sec/batch)
2019-01-14 11:17:28,738 [INFO]: 9240 iterations left,expected to finsh at Y-01-14 21:38:39 (avg speed: 4.034 sec/batch)
2019-01-14 11:18:08,081 [INFO]: step 770: gen_loss 0.747740, dis_loss 0.700790 (32.2 examples/sec; 3.971 sec/batch)
2019-01-14 11:18:08,082 [INFO]: 9230 iterations left,expected to finsh at Y-01-14 21:38:26 (avg speed: 4.032 sec/batch)
2019-01-14 11:18:47,890 [INFO]: step 780: gen_loss 0.750406, dis_loss 0.692991 (32.4 examples/sec; 3.955 sec/batch)
2019-01-14 11:18:47,891 [INFO]: 9220 iterations left,expected to finsh at Y-01-14 21:38:19 (avg speed: 4.032 sec/batch)
2019-01-14 11:19:27,727 [INFO]: step 790: gen_loss 0.749631, dis_loss 0.689986 (32.9 examples/sec; 3.887 sec/batch)
2019-01-14 11:19:27,728 [INFO]: 9210 iterations left,expected to finsh at Y-01-14 21:38:13 (avg speed: 4.031 sec/batch)
2019-01-14 11:20:07,052 [INFO]: step 800: gen_loss 0.748795, dis_loss 0.698626 (31.8 examples/sec; 4.019 sec/batch)
2019-01-14 11:20:07,052 [INFO]: 9200 iterations left,expected to finsh at Y-01-14 21:38:01 (avg speed: 4.030 sec/batch)
2019-01-14 11:20:47,900 [INFO]: step 810: gen_loss 0.744493, dis_loss 0.702663 (28.5 examples/sec; 4.493 sec/batch)
2019-01-14 11:20:47,900 [INFO]: 9190 iterations left,expected to finsh at Y-01-14 21:38:08 (avg speed: 4.030 sec/batch)
2019-01-14 11:21:28,718 [INFO]: step 820: gen_loss 0.746261, dis_loss 0.699300 (32.9 examples/sec; 3.888 sec/batch)
2019-01-14 11:21:28,718 [INFO]: 9180 iterations left,expected to finsh at Y-01-14 21:38:14 (avg speed: 4.031 sec/batch)
2019-01-14 11:22:08,822 [INFO]: step 830: gen_loss 0.746916, dis_loss 0.696922 (31.9 examples/sec; 4.014 sec/batch)
2019-01-14 11:22:08,823 [INFO]: 9170 iterations left,expected to finsh at Y-01-14 21:38:11 (avg speed: 4.031 sec/batch)
2019-01-14 11:22:47,624 [INFO]: step 840: gen_loss 0.749077, dis_loss 0.696624 (33.3 examples/sec; 3.844 sec/batch)
2019-01-14 11:22:47,624 [INFO]: 9160 iterations left,expected to finsh at Y-01-14 21:37:54 (avg speed: 4.029 sec/batch)
2019-01-14 11:23:28,059 [INFO]: step 850: gen_loss 0.745186, dis_loss 0.695794 (32.2 examples/sec; 3.980 sec/batch)
2019-01-14 11:23:28,060 [INFO]: 9150 iterations left,expected to finsh at Y-01-14 21:37:55 (avg speed: 4.029 sec/batch)
2019-01-14 11:24:07,854 [INFO]: step 860: gen_loss 0.746770, dis_loss 0.697189 (33.4 examples/sec; 3.829 sec/batch)
2019-01-14 11:24:07,854 [INFO]: 9140 iterations left,expected to finsh at Y-01-14 21:37:49 (avg speed: 4.029 sec/batch)
2019-01-14 11:24:47,613 [INFO]: step 870: gen_loss 0.747714, dis_loss 0.697356 (29.4 examples/sec; 4.347 sec/batch)
2019-01-14 11:24:47,613 [INFO]: 9130 iterations left,expected to finsh at Y-01-14 21:37:43 (avg speed: 4.028 sec/batch)
2019-01-14 11:25:27,212 [INFO]: step 880: gen_loss 0.745275, dis_loss 0.699549 (33.2 examples/sec; 3.854 sec/batch)
2019-01-14 11:25:27,212 [INFO]: 9120 iterations left,expected to finsh at Y-01-14 21:37:36 (avg speed: 4.027 sec/batch)
2019-01-14 11:26:06,507 [INFO]: step 890: gen_loss 0.744417, dis_loss 0.697727 (33.1 examples/sec; 3.873 sec/batch)
2019-01-14 11:26:06,507 [INFO]: 9110 iterations left,expected to finsh at Y-01-14 21:37:25 (avg speed: 4.026 sec/batch)
2019-01-14 11:26:47,437 [INFO]: step 900: gen_loss 0.744249, dis_loss 0.697945 (30.4 examples/sec; 4.204 sec/batch)
2019-01-14 11:26:47,439 [INFO]: 9100 iterations left,expected to finsh at Y-01-14 21:37:32 (avg speed: 4.027 sec/batch)
2019-01-14 11:27:28,038 [INFO]: step 910: gen_loss 0.744381, dis_loss 0.697777 (33.2 examples/sec; 3.855 sec/batch)
2019-01-14 11:27:28,038 [INFO]: 9090 iterations left,expected to finsh at Y-01-14 21:37:36 (avg speed: 4.027 sec/batch)
2019-01-14 11:28:07,076 [INFO]: step 920: gen_loss 0.746098, dis_loss 0.697734 (32.9 examples/sec; 3.893 sec/batch)
2019-01-14 11:28:07,076 [INFO]: 9080 iterations left,expected to finsh at Y-01-14 21:37:22 (avg speed: 4.026 sec/batch)
2019-01-14 11:28:46,065 [INFO]: step 930: gen_loss 0.744947, dis_loss 0.695374 (32.7 examples/sec; 3.915 sec/batch)
2019-01-14 11:28:46,066 [INFO]: 9070 iterations left,expected to finsh at Y-01-14 21:37:09 (avg speed: 4.025 sec/batch)
2019-01-14 11:29:28,082 [INFO]: step 940: gen_loss 0.746545, dis_loss 0.692550 (26.9 examples/sec; 4.755 sec/batch)
2019-01-14 11:29:28,082 [INFO]: 9060 iterations left,expected to finsh at Y-01-14 21:37:27 (avg speed: 4.026 sec/batch)
2019-01-14 11:30:10,804 [INFO]: step 950: gen_loss 0.745014, dis_loss 0.694913 (32.9 examples/sec; 3.895 sec/batch)
2019-01-14 11:30:10,804 [INFO]: 9050 iterations left,expected to finsh at Y-01-14 21:37:53 (avg speed: 4.029 sec/batch)
2019-01-14 11:30:50,694 [INFO]: step 960: gen_loss 0.747216, dis_loss 0.692035 (32.0 examples/sec; 3.996 sec/batch)
2019-01-14 11:30:50,695 [INFO]: 9040 iterations left,expected to finsh at Y-01-14 21:37:49 (avg speed: 4.029 sec/batch)
2019-01-14 11:31:30,710 [INFO]: step 970: gen_loss 0.744680, dis_loss 0.694815 (32.0 examples/sec; 4.005 sec/batch)
2019-01-14 11:31:30,713 [INFO]: 9030 iterations left,expected to finsh at Y-01-14 21:37:46 (avg speed: 4.028 sec/batch)
2019-01-14 11:32:10,466 [INFO]: step 980: gen_loss 0.742952, dis_loss 0.696251 (32.0 examples/sec; 3.999 sec/batch)
2019-01-14 11:32:10,467 [INFO]: 9020 iterations left,expected to finsh at Y-01-14 21:37:41 (avg speed: 4.028 sec/batch)
2019-01-14 11:32:51,282 [INFO]: step 990: gen_loss 0.743366, dis_loss 0.696881 (29.8 examples/sec; 4.296 sec/batch)
2019-01-14 11:32:51,282 [INFO]: 9010 iterations left,expected to finsh at Y-01-14 21:37:46 (avg speed: 4.028 sec/batch)
2019-01-14 11:33:34,399 [INFO]: step 1000: gen_loss 0.742889, dis_loss 0.696434 (29.5 examples/sec; 4.332 sec/batch)
2019-01-14 11:33:34,399 [INFO]: 9000 iterations left,expected to finsh at Y-01-14 21:38:15 (avg speed: 4.031 sec/batch)
2019-01-14 11:33:34,399 [DEBUG]: Saving checkpoint ...
2019-01-14 11:34:18,866 [INFO]: step 1010: gen_loss 0.743109, dis_loss 0.695143 (27.5 examples/sec; 4.661 sec/batch)
2019-01-14 11:34:18,867 [INFO]: 8990 iterations left,expected to finsh at Y-01-14 21:38:56 (avg speed: 4.035 sec/batch)
2019-01-14 11:35:03,647 [INFO]: step 1020: gen_loss 0.742595, dis_loss 0.695338 (28.5 examples/sec; 4.488 sec/batch)
2019-01-14 11:35:03,647 [INFO]: 8980 iterations left,expected to finsh at Y-01-14 21:39:39 (avg speed: 4.040 sec/batch)
2019-01-14 11:35:45,847 [INFO]: step 1030: gen_loss 0.742763, dis_loss 0.696643 (31.3 examples/sec; 4.094 sec/batch)
2019-01-14 11:35:45,847 [INFO]: 8970 iterations left,expected to finsh at Y-01-14 21:39:57 (avg speed: 4.041 sec/batch)
2019-01-14 11:36:28,435 [INFO]: Killed by C
2019-01-14 11:36:41,487 [INFO]: start action
2019-01-14 11:36:41,487 [INFO]: Generating 500 batches using suffix 
2019-01-14 11:36:41,492 [INFO]: Restore weights from ./checkpoints/mlp/model.ckpt-1000
2019-01-14 11:37:37,861 [INFO]: start action
2019-01-14 11:37:37,861 [INFO]: Generating 500 batches using suffix 
2019-01-14 11:37:37,865 [INFO]: Restore weights from ./checkpoints/mlp/model.ckpt-1000
2019-01-14 11:45:56,626 [INFO]: start action
2019-01-14 11:45:56,626 [INFO]: Generating 500 batches using suffix 
2019-01-14 11:45:56,630 [INFO]: Restore weights from ./checkpoints/mlp/model.ckpt-1000
2019-01-14 12:00:45,765 [INFO]: start action
2019-01-14 12:01:25,221 [INFO]: start action
2019-01-14 12:01:25,221 [INFO]: Generating 500 batches using suffix 
2019-01-14 12:01:25,225 [INFO]: Restore weights from ./checkpoints/mlp/model.ckpt-1000
2019-01-14 12:09:54,595 [INFO]: start action
2019-01-14 12:09:54,597 [INFO]: Generating 500 batches using suffix 
2019-01-14 12:09:54,602 [INFO]: Restore weights from ./checkpoints/mlp/model.ckpt-1000
2019-01-14 12:10:32,381 [INFO]: start action
2019-01-14 12:10:32,381 [INFO]: Generating 500 batches using suffix 
2019-01-14 12:10:32,385 [INFO]: Restore weights from ./checkpoints/mlp/model.ckpt-1000
2019-01-14 12:10:32,741 [INFO]: Restoring parameters from ./checkpoints/mlp
2019-01-14 12:11:06,474 [INFO]: start action
2019-01-14 12:11:06,474 [INFO]: Generating 500 batches using suffix 
2019-01-14 12:11:06,479 [INFO]: Restore weights from ./checkpoints/mlp/model.ckpt-1000
2019-01-14 20:32:31,679 [INFO]: start action
2019-01-14 20:33:27,890 [INFO]: start action
2019-01-14 20:34:38,563 [INFO]: start action
